<?xml version="1.0" encoding="UTF-8"?>
<testsuite xmlns:xsi="http://www.w3.org/2001/XMLSchema-instance" xsi:noNamespaceSchemaLocation="https://maven.apache.org/surefire/maven-surefire-plugin/xsd/surefire-test-report.xsd" version="3.0.2" name="com.divyan.aquanet.AquaNetApplicationTests" time="6.668" tests="1" errors="0" skipped="0" failures="0">
  <properties>
[...]
</properties>
  <testcase name="contextLoads" classname="com.divyan.aquanet.AquaNetApplicationTests" time="1.243">
    <system-out><![CDATA[19:38:38.778 [main] INFO org.springframework.test.context.support.AnnotationConfigContextLoaderUtils -- Could not detect default configuration classes for test class [com.divyan.aquanet.AquaNetApplicationTests]: AquaNetApplicationTests does not declare any static, non-private, non-final, nested classes annotated with @Configuration.
19:38:38.908 [main] INFO org.springframework.boot.test.context.SpringBootTestContextBootstrapper -- Found @SpringBootConfiguration com.divyan.aquanet.AquaNetApplication for test class com.divyan.aquanet.AquaNetApplicationTests
19:38:39.145 [main] INFO org.springframework.boot.devtools.restart.RestartApplicationListener -- Restart disabled due to context in which it is running

  .   ____          _            __ _ _
 /\\ / ___'_ __ _ _(_)_ __  __ _ \ \ \ \
( ( )\___ | '_ | '_| | '_ \/ _` | \ \ \ \
 \\/  ___)| |_)| | | | | || (_| |  ) ) ) )
  '  |____| .__|_| |_|_| |_\__, | / / / /
 =========|_|==============|___/=/_/_/_/

 :: Spring Boot ::                (v3.4.0)

2025-02-10T19:38:39.591+05:30  INFO 3592 --- [AquaNet] [           main] c.d.aquanet.AquaNetApplicationTests      : Starting AquaNetApplicationTests using Java 23 with PID 3592 (started by DIVYAN_TM in D:\AquaNet)
2025-02-10T19:38:39.593+05:30  INFO 3592 --- [AquaNet] [           main] c.d.aquanet.AquaNetApplicationTests      : No active profile set, falling back to 1 default profile: "default"
2025-02-10T19:38:40.629+05:30  INFO 3592 --- [AquaNet] [           main] .s.d.r.c.RepositoryConfigurationDelegate : Bootstrapping Spring Data MongoDB repositories in DEFAULT mode.
2025-02-10T19:38:40.723+05:30  INFO 3592 --- [AquaNet] [           main] .s.d.r.c.RepositoryConfigurationDelegate : Finished Spring Data repository scanning in 82 ms. Found 2 MongoDB repository interfaces.
2025-02-10T19:38:42.619+05:30  INFO 3592 --- [AquaNet] [           main] org.mongodb.driver.client                : MongoClient with metadata {"application": {"name": "AquaNet"}, "driver": {"name": "mongo-java-driver|sync|spring-boot", "version": "5.2.1"}, "os": {"type": "Windows", "name": "Windows 11", "architecture": "amd64", "version": "10.0"}, "platform": "Java/Oracle Corporation/23+37-2369"} created with settings MongoClientSettings{readPreference=primary, writeConcern=WriteConcern{w=majority, wTimeout=null ms, journal=null}, retryWrites=true, retryReads=true, readConcern=ReadConcern{level=null}, credential=MongoCredential{mechanism=null, userName='divyanthiruvalarselvan', source='admin', password=<hidden>, mechanismProperties=<hidden>}, transportSettings=null, commandListeners=[], codecRegistry=ProvidersCodecRegistry{codecProviders=[ValueCodecProvider{}, BsonValueCodecProvider{}, DBRefCodecProvider{}, DBObjectCodecProvider{}, DocumentCodecProvider{}, CollectionCodecProvider{}, IterableCodecProvider{}, MapCodecProvider{}, GeoJsonCodecProvider{}, GridFSFileCodecProvider{}, Jsr310CodecProvider{}, JsonObjectCodecProvider{}, BsonCodecProvider{}, EnumCodecProvider{}, com.mongodb.client.model.mql.ExpressionCodecProvider@17043b04, com.mongodb.Jep395RecordCodecProvider@511f5b1d, com.mongodb.KotlinCodecProvider@31f295b6]}, loggerSettings=LoggerSettings{maxDocumentLength=1000}, clusterSettings={hosts=[127.0.0.1:27017], srvHost=aquanet.pgq84.mongodb.net, srvServiceName=mongodb, mode=MULTIPLE, requiredClusterType=REPLICA_SET, requiredReplicaSetName='atlas-ftphog-shard-0', serverSelector='null', clusterListeners='[]', serverSelectionTimeout='30000 ms', localThreshold='15 ms'}, socketSettings=SocketSettings{connectTimeoutMS=10000, readTimeoutMS=0, receiveBufferSize=0, proxySettings=ProxySettings{host=null, port=null, username=null, password=null}}, heartbeatSocketSettings=SocketSettings{connectTimeoutMS=10000, readTimeoutMS=10000, receiveBufferSize=0, proxySettings=ProxySettings{host=null, port=null, username=null, password=null}}, connectionPoolSettings=ConnectionPoolSettings{maxSize=100, minSize=0, maxWaitTimeMS=120000, maxConnectionLifeTimeMS=0, maxConnectionIdleTimeMS=0, maintenanceInitialDelayMS=0, maintenanceFrequencyMS=60000, connectionPoolListeners=[], maxConnecting=2}, serverSettings=ServerSettings{heartbeatFrequencyMS=10000, minHeartbeatFrequencyMS=500, serverMonitoringMode=AUTO, serverListeners='[]', serverMonitorListeners='[]'}, sslSettings=SslSettings{enabled=true, invalidHostNameAllowed=false, context=null}, applicationName='AquaNet', compressorList=[], uuidRepresentation=JAVA_LEGACY, serverApi=null, autoEncryptionSettings=null, dnsClient=null, inetAddressResolver=null, contextProvider=null, timeoutMS=null}
2025-02-10T19:38:43.380+05:30  INFO 3592 --- [AquaNet] [           main] o.s.b.a.w.s.WelcomePageHandlerMapping    : Adding welcome page template: index
2025-02-10T19:38:43.555+05:30  INFO 3592 --- [AquaNet] [q84.mongodb.net] org.mongodb.driver.cluster               : Adding discovered server aquanet-shard-00-02.pgq84.mongodb.net:27017 to client view of cluster
2025-02-10T19:38:43.596+05:30  INFO 3592 --- [AquaNet] [q84.mongodb.net] org.mongodb.driver.cluster               : Adding discovered server aquanet-shard-00-01.pgq84.mongodb.net:27017 to client view of cluster
2025-02-10T19:38:43.604+05:30  INFO 3592 --- [AquaNet] [q84.mongodb.net] org.mongodb.driver.cluster               : Adding discovered server aquanet-shard-00-00.pgq84.mongodb.net:27017 to client view of cluster
2025-02-10T19:38:43.978+05:30  INFO 3592 --- [AquaNet] [           main] c.d.aquanet.AquaNetApplicationTests      : Started AquaNetApplicationTests in 4.852 seconds (process running for 6.003)
2025-02-10T19:38:44.673+05:30  INFO 3592 --- [AquaNet] [ngodb.net:27017] org.mongodb.driver.cluster               : Monitor thread successfully connected to server with description ServerDescription{address=aquanet-shard-00-01.pgq84.mongodb.net:27017, type=REPLICA_SET_PRIMARY, cryptd=false, state=CONNECTED, ok=true, minWireVersion=0, maxWireVersion=25, maxDocumentSize=16777216, logicalSessionTimeoutMinutes=30, roundTripTimeNanos=419444200, minRoundTripTimeNanos=0, setName='atlas-ftphog-shard-0', canonicalAddress=aquanet-shard-00-01.pgq84.mongodb.net:27017, hosts=[aquanet-shard-00-02.pgq84.mongodb.net:27017, aquanet-shard-00-00.pgq84.mongodb.net:27017, aquanet-shard-00-01.pgq84.mongodb.net:27017], passives=[], arbiters=[], primary='aquanet-shard-00-01.pgq84.mongodb.net:27017', tagSet=TagSet{[Tag{name='availabilityZone', value='aps1-az3'}, Tag{name='diskState', value='READY'}, Tag{name='nodeType', value='ELECTABLE'}, Tag{name='provider', value='AWS'}, Tag{name='region', value='AP_SOUTH_1'}, Tag{name='workloadType', value='OPERATIONAL'}]}, electionId=7fffffff00000000000000fa, setVersion=192, topologyVersion=TopologyVersion{processId=67a1c627061ef4e443e942e1, counter=9}, lastWriteDate=Mon Feb 10 19:38:44 IST 2025, lastUpdateTimeNanos=27509739421600}
2025-02-10T19:38:44.673+05:30  INFO 3592 --- [AquaNet] [ngodb.net:27017] org.mongodb.driver.cluster               : Monitor thread successfully connected to server with description ServerDescription{address=aquanet-shard-00-00.pgq84.mongodb.net:27017, type=REPLICA_SET_SECONDARY, cryptd=false, state=CONNECTED, ok=true, minWireVersion=0, maxWireVersion=25, maxDocumentSize=16777216, logicalSessionTimeoutMinutes=30, roundTripTimeNanos=364866900, minRoundTripTimeNanos=0, setName='atlas-ftphog-shard-0', canonicalAddress=aquanet-shard-00-00.pgq84.mongodb.net:27017, hosts=[aquanet-shard-00-02.pgq84.mongodb.net:27017, aquanet-shard-00-00.pgq84.mongodb.net:27017, aquanet-shard-00-01.pgq84.mongodb.net:27017], passives=[], arbiters=[], primary='aquanet-shard-00-01.pgq84.mongodb.net:27017', tagSet=TagSet{[Tag{name='availabilityZone', value='aps1-az1'}, Tag{name='diskState', value='READY'}, Tag{name='nodeType', value='ELECTABLE'}, Tag{name='provider', value='AWS'}, Tag{name='region', value='AP_SOUTH_1'}, Tag{name='workloadType', value='OPERATIONAL'}]}, electionId=null, setVersion=192, topologyVersion=TopologyVersion{processId=67a1c7403b3e4de2e26b33d5, counter=5}, lastWriteDate=Mon Feb 10 19:38:44 IST 2025, lastUpdateTimeNanos=27509739421600}
2025-02-10T19:38:44.674+05:30  INFO 3592 --- [AquaNet] [ngodb.net:27017] org.mongodb.driver.cluster               : Monitor thread successfully connected to server with description ServerDescription{address=aquanet-shard-00-02.pgq84.mongodb.net:27017, type=REPLICA_SET_SECONDARY, cryptd=false, state=CONNECTED, ok=true, minWireVersion=0, maxWireVersion=25, maxDocumentSize=16777216, logicalSessionTimeoutMinutes=30, roundTripTimeNanos=341538900, minRoundTripTimeNanos=0, setName='atlas-ftphog-shard-0', canonicalAddress=aquanet-shard-00-02.pgq84.mongodb.net:27017, hosts=[aquanet-shard-00-02.pgq84.mongodb.net:27017, aquanet-shard-00-00.pgq84.mongodb.net:27017, aquanet-shard-00-01.pgq84.mongodb.net:27017], passives=[], arbiters=[], primary='aquanet-shard-00-01.pgq84.mongodb.net:27017', tagSet=TagSet{[Tag{name='availabilityZone', value='aps1-az2'}, Tag{name='diskState', value='READY'}, Tag{name='nodeType', value='ELECTABLE'}, Tag{name='provider', value='AWS'}, Tag{name='region', value='AP_SOUTH_1'}, Tag{name='workloadType', value='OPERATIONAL'}]}, electionId=null, setVersion=192, topologyVersion=TopologyVersion{processId=67a1c8850689edbcc1faae39, counter=5}, lastWriteDate=Mon Feb 10 19:38:44 IST 2025, lastUpdateTimeNanos=27509740114200}
2025-02-10T19:38:44.677+05:30  INFO 3592 --- [AquaNet] [ngodb.net:27017] org.mongodb.driver.cluster               : Discovered replica set primary aquanet-shard-00-01.pgq84.mongodb.net:27017 with max election id 7fffffff00000000000000fa and max set version 192
]]></system-out>
    <system-err><![CDATA[Mockito is currently self-attaching to enable the inline-mock-maker. This will no longer work in future releases of the JDK. Please add Mockito as an agent to your build what is described in Mockito's documentation: https://javadoc.io/doc/org.mockito/mockito-core/latest/org/mockito/Mockito.html#0.3
WARNING: A Java agent has been loaded dynamically (C:\Users\91701\.m2\repository\net\bytebuddy\byte-buddy-agent\1.15.10\byte-buddy-agent-1.15.10.jar)
WARNING: If a serviceability tool is in use, please run with -XX:+EnableDynamicAgentLoading to hide this warning
WARNING: If a serviceability tool is not in use, please run with -Djdk.instrument.traceUsage for more information
WARNING: Dynamic loading of agents will be disallowed by default in a future release
]]></system-err>
  </testcase>
</testsuite>